<?xml version="1.0" encoding="utf-8"?><testsuites name="pytest tests"><testsuite name="pytest" errors="0" failures="0" skipped="0" tests="24" time="9.443" timestamp="2026-09-07T21:57:59.518508+00:00" hostname="agent-env-76a7d881-4df0-4f8f-bc78-ff4eff043824"><testcase classname="tests.backend_test.TestAuth" name="test_owner_login" time="0.682" /><testcase classname="tests.backend_test.TestReports" name="test_reports_range" time="0.871" /><testcase classname="tests.backend_test.TestAuth" name="test_bad_login" time="0.421" /><testcase classname="tests.backend_test.TestReports" name="test_export_csv" time="0.217" /><testcase classname="tests.backend_test.TestReports" name="test_export_pdf" time="0.145" /><testcase classname="tests.backend_test.TestAuth" name="test_me" time="0.636" /><testcase classname="tests.backend_test.TestReports" name="test_payroll_supervisor_blocked_by_default" time="0.822" /><testcase classname="tests.backend_test.TestAuth" name="test_no_token" time="0.137" /><testcase classname="tests.backend_test.TestEmployees" name="test_list_employees" time="0.156" /><testcase classname="tests.backend_test.TestEmployees" name="test_create_bad_pin" time="0.115" /><testcase classname="tests.backend_test.TestReports" name="test_payroll_supervisor_allowed_when_enabled" time="0.612" /><testcase classname="tests.backend_test.TestEmployees" name="test_create_and_delete_employee" time="1.364" /><testcase classname="tests.backend_test.TestKiosk" name="test_verify_valid" time="0.342" /><testcase classname="tests.backend_test.TestKiosk" name="test_verify_bad_pin" time="0.356" /><testcase classname="tests.backend_test.TestKiosk" name="test_full_clock_cycle" time="4.745" /><testcase classname="tests.backend_test.TestEmployees" name="test_supervisor_cannot_create" time="0.604" /><testcase classname="tests.backend_test.TestDashboard" name="test_dashboard_live" time="0.249" /><testcase classname="tests.backend_test.TestDashboard" name="test_dashboard_unauth" time="0.129" /><testcase classname="tests.backend_test.TestSettings" name="test_settings_update_owner" time="0.362" /><testcase classname="tests.backend_test.TestSettings" name="test_settings_supervisor_forbidden" time="0.238" /><testcase classname="tests.backend_test.TestSchedules" name="test_schedule_crud" time="0.782" /><testcase classname="tests.backend_test.TestHistory" name="test_filters" time="0.388" /><testcase classname="tests.backend_test.TestTimecardsAudit" name="test_owner_edit_creates_audit" time="0.450" /><testcase classname="tests.backend_test.TestTimecardsAudit" name="test_supervisor_cannot_edit_timecard" time="0.262" /></testsuite></testsuites>